<?xml version="1.0" encoding="UTF-8"?>
<testng-results ignored="0" total="7" passed="7" failed="0" skipped="0">
  <reporter-output>
  </reporter-output>
  <suite started-at="2023-05-17T20:47:05 IST" name="Suite" finished-at="2023-05-17T20:47:37 IST" duration-ms="31826">
    <groups>
    </groups>
    <test started-at="2023-05-17T20:47:05 IST" name="Test" finished-at="2023-05-17T20:47:37 IST" duration-ms="31826">
      <class name="demoMaven.DemoMavenProject.TestCase1Test">
        <test-method is-config="true" signature="testSetup()[pri:0, instance:demoMaven.DemoMavenProject.TestCase1Test@7161d8d1]" started-at="2023-05-17T20:47:05 IST" name="testSetup" finished-at="2023-05-17T20:47:07 IST" duration-ms="1858" status="PASS">
          <reporter-output>
          </reporter-output>
        </test-method> <!-- testSetup -->
        <test-method signature="mainTest()[pri:0, instance:demoMaven.DemoMavenProject.TestCase1Test@7161d8d1]" started-at="2023-05-17T20:47:07 IST" name="mainTest" finished-at="2023-05-17T20:47:15 IST" duration-ms="8454" status="PASS">
          <reporter-output>
          </reporter-output>
        </test-method> <!-- mainTest -->
        <test-method is-config="true" signature="teardownMethod()[pri:0, instance:demoMaven.DemoMavenProject.TestCase1Test@7161d8d1]" started-at="2023-05-17T20:47:15 IST" name="teardownMethod" finished-at="2023-05-17T20:47:15 IST" duration-ms="112" status="PASS">
          <reporter-output>
          </reporter-output>
        </test-method> <!-- teardownMethod -->
      </class> <!-- demoMaven.DemoMavenProject.TestCase1Test -->
      <class name="demoMaven.DemoMavenProject.TestCase2Test">
        <test-method is-config="true" signature="testSetup()[pri:0, instance:demoMaven.DemoMavenProject.TestCase2Test@3a7442c7]" started-at="2023-05-17T20:47:15 IST" name="testSetup" finished-at="2023-05-17T20:47:16 IST" duration-ms="881" status="PASS">
          <reporter-output>
          </reporter-output>
        </test-method> <!-- testSetup -->
        <test-method signature="mainTest()[pri:0, instance:demoMaven.DemoMavenProject.TestCase2Test@3a7442c7]" started-at="2023-05-17T20:47:16 IST" name="mainTest" finished-at="2023-05-17T20:47:23 IST" duration-ms="6866" status="PASS">
          <reporter-output>
          </reporter-output>
        </test-method> <!-- mainTest -->
        <test-method is-config="true" signature="afterClass()[pri:0, instance:demoMaven.DemoMavenProject.TestCase2Test@3a7442c7]" started-at="2023-05-17T20:47:23 IST" name="afterClass" finished-at="2023-05-17T20:47:23 IST" duration-ms="118" status="PASS">
          <reporter-output>
          </reporter-output>
        </test-method> <!-- afterClass -->
      </class> <!-- demoMaven.DemoMavenProject.TestCase2Test -->
      <class name="demoMaven.DemoMavenProject.TestCase3">
        <test-method signature="createBookingTest()[pri:1, instance:demoMaven.DemoMavenProject.TestCase3@4be29ed9]" started-at="2023-05-17T20:47:23 IST" name="createBookingTest" finished-at="2023-05-17T20:47:28 IST" duration-ms="4739" status="PASS">
          <reporter-output>
          </reporter-output>
        </test-method> <!-- createBookingTest -->
        <test-method signature="getAuthToken()[pri:2, instance:demoMaven.DemoMavenProject.TestCase3@4be29ed9]" started-at="2023-05-17T20:47:28 IST" name="getAuthToken" finished-at="2023-05-17T20:47:30 IST" duration-ms="1641" status="PASS">
          <reporter-output>
          </reporter-output>
        </test-method> <!-- getAuthToken -->
        <test-method signature="updateBookingTest()[pri:3, instance:demoMaven.DemoMavenProject.TestCase3@4be29ed9]" started-at="2023-05-17T20:47:30 IST" name="updateBookingTest" finished-at="2023-05-17T20:47:32 IST" duration-ms="2320" status="PASS">
          <reporter-output>
          </reporter-output>
        </test-method> <!-- updateBookingTest -->
        <test-method signature="getBookingTest()[pri:4, instance:demoMaven.DemoMavenProject.TestCase3@4be29ed9]" started-at="2023-05-17T20:47:32 IST" name="getBookingTest" finished-at="2023-05-17T20:47:33 IST" duration-ms="1601" status="PASS">
          <reporter-output>
          </reporter-output>
        </test-method> <!-- getBookingTest -->
        <test-method signature="deleteBookingTest()[pri:5, instance:demoMaven.DemoMavenProject.TestCase3@4be29ed9]" started-at="2023-05-17T20:47:33 IST" name="deleteBookingTest" finished-at="2023-05-17T20:47:37 IST" duration-ms="3188" status="PASS">
          <reporter-output>
          </reporter-output>
        </test-method> <!-- deleteBookingTest -->
      </class> <!-- demoMaven.DemoMavenProject.TestCase3 -->
    </test> <!-- Test -->
  </suite> <!-- Suite -->
</testng-results>
