<?xml version="1.0" encoding="UTF-8"?>
<testng-results ignored="0" total="5" passed="5" failed="0" skipped="0">
  <reporter-output>
  </reporter-output>
  <suite started-at="2023-05-17T16:32:03 IST" name="Default suite" finished-at="2023-05-17T16:32:13 IST" duration-ms="10358">
    <groups>
    </groups>
    <test started-at="2023-05-17T16:32:03 IST" name="Default test" finished-at="2023-05-17T16:32:13 IST" duration-ms="10358">
      <class name="demoMaven.DemoMavenProject.TestCase3">
        <test-method signature="createBookingTest()[pri:1, instance:demoMaven.DemoMavenProject.TestCase3@2034b64c]" started-at="2023-05-17T16:32:03 IST" name="createBookingTest" finished-at="2023-05-17T16:32:07 IST" duration-ms="4795" status="PASS">
          <reporter-output>
          </reporter-output>
        </test-method> <!-- createBookingTest -->
        <test-method signature="getAuthToken()[pri:2, instance:demoMaven.DemoMavenProject.TestCase3@2034b64c]" started-at="2023-05-17T16:32:07 IST" name="getAuthToken" finished-at="2023-05-17T16:32:09 IST" duration-ms="1314" status="PASS">
          <reporter-output>
          </reporter-output>
        </test-method> <!-- getAuthToken -->
        <test-method signature="updateBookingTest()[pri:3, instance:demoMaven.DemoMavenProject.TestCase3@2034b64c]" started-at="2023-05-17T16:32:09 IST" name="updateBookingTest" finished-at="2023-05-17T16:32:10 IST" duration-ms="1472" status="PASS">
          <reporter-output>
          </reporter-output>
        </test-method> <!-- updateBookingTest -->
        <test-method signature="getBookingTest()[pri:4, instance:demoMaven.DemoMavenProject.TestCase3@2034b64c]" started-at="2023-05-17T16:32:10 IST" name="getBookingTest" finished-at="2023-05-17T16:32:12 IST" duration-ms="1375" status="PASS">
          <reporter-output>
          </reporter-output>
        </test-method> <!-- getBookingTest -->
        <test-method signature="deleteBookingTest()[pri:5, instance:demoMaven.DemoMavenProject.TestCase3@2034b64c]" started-at="2023-05-17T16:32:12 IST" name="deleteBookingTest" finished-at="2023-05-17T16:32:13 IST" duration-ms="1323" status="PASS">
          <reporter-output>
          </reporter-output>
        </test-method> <!-- deleteBookingTest -->
      </class> <!-- demoMaven.DemoMavenProject.TestCase3 -->
    </test> <!-- Default test -->
  </suite> <!-- Default suite -->
</testng-results>
