<?xml version="1.0" encoding="UTF-8"?>
<testng-results ignored="0" total="7" passed="7" failed="0" skipped="0">
  <reporter-output>
  </reporter-output>
  <suite started-at="2023-05-17T20:56:34 IST" name="Suite" finished-at="2023-05-17T20:58:34 IST" duration-ms="119646">
    <groups>
    </groups>
    <test started-at="2023-05-17T20:56:34 IST" name="Test" finished-at="2023-05-17T20:58:34 IST" duration-ms="119646">
      <class name="demoMaven.DemoMavenProject.TestCase2">
        <test-method is-config="true" signature="testSetup()[pri:0, instance:demoMaven.DemoMavenProject.TestCase2@4b8ee4de]" started-at="2023-05-17T20:58:12 IST" name="testSetup" finished-at="2023-05-17T20:58:13 IST" duration-ms="830" status="PASS">
          <reporter-output>
          </reporter-output>
        </test-method> <!-- testSetup -->
        <test-method signature="mainTest()[pri:0, instance:demoMaven.DemoMavenProject.TestCase2@4b8ee4de]" started-at="2023-05-17T20:58:13 IST" name="mainTest" finished-at="2023-05-17T20:58:19 IST" duration-ms="6415" status="PASS">
          <reporter-output>
          </reporter-output>
        </test-method> <!-- mainTest -->
        <test-method is-config="true" signature="afterClass()[pri:0, instance:demoMaven.DemoMavenProject.TestCase2@4b8ee4de]" started-at="2023-05-17T20:58:19 IST" name="afterClass" finished-at="2023-05-17T20:58:20 IST" duration-ms="178" status="PASS">
          <reporter-output>
          </reporter-output>
        </test-method> <!-- afterClass -->
      </class> <!-- demoMaven.DemoMavenProject.TestCase2 -->
      <class name="demoMaven.DemoMavenProject.TestCase1">
        <test-method is-config="true" signature="testSetup()[pri:0, instance:demoMaven.DemoMavenProject.TestCase1@659499f1]" started-at="2023-05-17T20:56:34 IST" name="testSetup" finished-at="2023-05-17T20:56:36 IST" duration-ms="1935" status="PASS">
          <reporter-output>
          </reporter-output>
        </test-method> <!-- testSetup -->
        <test-method signature="mainTest()[pri:0, instance:demoMaven.DemoMavenProject.TestCase1@659499f1]" started-at="2023-05-17T20:56:36 IST" name="mainTest" finished-at="2023-05-17T20:58:12 IST" duration-ms="95927" status="PASS">
          <reporter-output>
          </reporter-output>
        </test-method> <!-- mainTest -->
        <test-method is-config="true" signature="teardownMethod()[pri:0, instance:demoMaven.DemoMavenProject.TestCase1@659499f1]" started-at="2023-05-17T20:58:12 IST" name="teardownMethod" finished-at="2023-05-17T20:58:12 IST" duration-ms="171" status="PASS">
          <reporter-output>
          </reporter-output>
        </test-method> <!-- teardownMethod -->
      </class> <!-- demoMaven.DemoMavenProject.TestCase1 -->
      <class name="demoMaven.DemoMavenProject.TestCase3">
        <test-method signature="createBookingTest()[pri:1, instance:demoMaven.DemoMavenProject.TestCase3@27f981c6]" started-at="2023-05-17T20:58:20 IST" name="createBookingTest" finished-at="2023-05-17T20:58:23 IST" duration-ms="3432" status="PASS">
          <reporter-output>
          </reporter-output>
        </test-method> <!-- createBookingTest -->
        <test-method signature="getAuthToken()[pri:2, instance:demoMaven.DemoMavenProject.TestCase3@27f981c6]" started-at="2023-05-17T20:58:23 IST" name="getAuthToken" finished-at="2023-05-17T20:58:25 IST" duration-ms="2315" status="PASS">
          <reporter-output>
          </reporter-output>
        </test-method> <!-- getAuthToken -->
        <test-method signature="updateBookingTest()[pri:3, instance:demoMaven.DemoMavenProject.TestCase3@27f981c6]" started-at="2023-05-17T20:58:25 IST" name="updateBookingTest" finished-at="2023-05-17T20:58:27 IST" duration-ms="1564" status="PASS">
          <reporter-output>
          </reporter-output>
        </test-method> <!-- updateBookingTest -->
        <test-method signature="getBookingTest()[pri:4, instance:demoMaven.DemoMavenProject.TestCase3@27f981c6]" started-at="2023-05-17T20:58:27 IST" name="getBookingTest" finished-at="2023-05-17T20:58:32 IST" duration-ms="5363" status="PASS">
          <reporter-output>
          </reporter-output>
        </test-method> <!-- getBookingTest -->
        <test-method signature="deleteBookingTest()[pri:5, instance:demoMaven.DemoMavenProject.TestCase3@27f981c6]" started-at="2023-05-17T20:58:32 IST" name="deleteBookingTest" finished-at="2023-05-17T20:58:34 IST" duration-ms="1471" status="PASS">
          <reporter-output>
          </reporter-output>
        </test-method> <!-- deleteBookingTest -->
      </class> <!-- demoMaven.DemoMavenProject.TestCase3 -->
    </test> <!-- Test -->
  </suite> <!-- Suite -->
</testng-results>
