<?xml version="1.0" encoding="UTF-8"?>
<!-- Generated by org.testng.reporters.JUnitXMLReporter -->
<testsuite ignored="0" hostname="EPINBANW0240" failures="0" tests="7" name="Test" time="31.826" errors="0" timestamp="2023-05-17T20:47:37 IST">
  <testcase classname="demoMaven.DemoMavenProject.TestCase1Test" name="mainTest" time="8.454"/>
  <testcase classname="demoMaven.DemoMavenProject.TestCase2Test" name="mainTest" time="6.866"/>
  <testcase classname="demoMaven.DemoMavenProject.TestCase3" name="createBookingTest" time="4.739"/>
  <testcase classname="demoMaven.DemoMavenProject.TestCase3" name="getAuthToken" time="1.641"/>
  <testcase classname="demoMaven.DemoMavenProject.TestCase3" name="updateBookingTest" time="2.32"/>
  <testcase classname="demoMaven.DemoMavenProject.TestCase3" name="getBookingTest" time="1.601"/>
  <testcase classname="demoMaven.DemoMavenProject.TestCase3" name="deleteBookingTest" time="3.188"/>
</testsuite> <!-- Test -->
