<?xml version="1.0" encoding="UTF-8"?>
<!-- Generated by org.testng.reporters.JUnitXMLReporter -->
<testsuite ignored="0" hostname="EPINBANW0240" failures="0" tests="7" name="Test" time="119.646" errors="0" timestamp="2023-05-17T20:58:34 IST">
  <testcase classname="demoMaven.DemoMavenProject.TestCase1" name="mainTest" time="95.927"/>
  <testcase classname="demoMaven.DemoMavenProject.TestCase2" name="mainTest" time="6.415"/>
  <testcase classname="demoMaven.DemoMavenProject.TestCase3" name="createBookingTest" time="3.432"/>
  <testcase classname="demoMaven.DemoMavenProject.TestCase3" name="getAuthToken" time="2.315"/>
  <testcase classname="demoMaven.DemoMavenProject.TestCase3" name="updateBookingTest" time="1.564"/>
  <testcase classname="demoMaven.DemoMavenProject.TestCase3" name="getBookingTest" time="5.363"/>
  <testcase classname="demoMaven.DemoMavenProject.TestCase3" name="deleteBookingTest" time="1.471"/>
</testsuite> <!-- Test -->
