<?xml version="1.0" encoding="UTF-8"?>
<!-- Generated by org.testng.reporters.JUnitXMLReporter -->
<testsuite ignored="0" hostname="EPINBANW0240" failures="0" tests="5" name="Default test" time="10.358" errors="0" timestamp="2023-05-17T16:32:13 IST">
  <testcase classname="demoMaven.DemoMavenProject.TestCase3" name="createBookingTest" time="4.795"/>
  <testcase classname="demoMaven.DemoMavenProject.TestCase3" name="getAuthToken" time="1.314"/>
  <testcase classname="demoMaven.DemoMavenProject.TestCase3" name="updateBookingTest" time="1.472"/>
  <testcase classname="demoMaven.DemoMavenProject.TestCase3" name="getBookingTest" time="1.375"/>
  <testcase classname="demoMaven.DemoMavenProject.TestCase3" name="deleteBookingTest" time="1.323"/>
</testsuite> <!-- Default test -->
